<?xml version="1.0" encoding="UTF-8"?>
<!-- Generated by org.testng.reporters.JUnitReportReporter -->
<testsuite hostname="OPSI-LT-135" failures="0" tests="4" name="datadrivenTesting.DataDrivenTesting" time="19.405" errors="0" timestamp="2021-06-17T08:22:47 SAST" skipped="0">
  <testcase classname="datadrivenTesting.DataDrivenTesting" name="LoginTest" time="1.387"/>
  <system-out/>
  <testcase classname="datadrivenTesting.DataDrivenTesting" name="LoginTest" time="1.480"/>
  <system-out/>
  <testcase classname="datadrivenTesting.DataDrivenTesting" name="LoginTest" time="2.687"/>
  <system-out/>
  <testcase classname="datadrivenTesting.DataDrivenTesting" name="LoginTest" time="13.851"/>
  <system-out/>
</testsuite> <!-- datadrivenTesting.DataDrivenTesting -->
